<?xml version="1.0" encoding="UTF-8"?>
<testng-results ignored="0" total="1" passed="1" failed="0" skipped="0">
  <reporter-output>
  </reporter-output>
  <suite started-at="2023-08-26T15:22:51 IST" name="Default suite" finished-at="2023-08-26T15:23:19 IST" duration-ms="27959">
    <groups>
    </groups>
    <test started-at="2023-08-26T15:22:51 IST" name="Default test" finished-at="2023-08-26T15:23:19 IST" duration-ms="27959">
      <class name="DDT.testrunner">
        <test-method is-config="true" signature="beforemethod()[pri:0, instance:DDT.testrunner@48aca48b]" started-at="2023-08-26T15:22:51 IST" name="beforemethod" finished-at="2023-08-26T15:22:55 IST" duration-ms="3847" status="PASS">
          <reporter-output>
          </reporter-output>
        </test-method> <!-- beforemethod -->
        <test-method signature="facebook()[pri:0, instance:DDT.testrunner@48aca48b]" started-at="2023-08-26T15:22:55 IST" name="facebook" finished-at="2023-08-26T15:23:18 IST" duration-ms="23828" status="PASS">
          <reporter-output>
          </reporter-output>
        </test-method> <!-- facebook -->
        <test-method is-config="true" signature="closeapp()[pri:0, instance:DDT.testrunner@48aca48b]" started-at="2023-08-26T15:23:18 IST" name="closeapp" finished-at="2023-08-26T15:23:19 IST" duration-ms="203" status="PASS">
          <reporter-output>
          </reporter-output>
        </test-method> <!-- closeapp -->
      </class> <!-- DDT.testrunner -->
    </test> <!-- Default test -->
  </suite> <!-- Default suite -->
</testng-results>
